<?xml version="1.0" encoding="UTF-8"?>
<robot generator="Robot 6.1.1 (Python 3.8.3 on win32)" generated="20230822 17:29:20.671" rpa="false" schemaversion="4">
<suite id="s1" name="TestCases" source="C:\VirtualDisk-D\Study\Automation Testing\Robot Framework\RobotAutomation\TestCases">
<kw name="Before each test suit" type="SETUP">
<kw name="Log" library="BuiltIn">
<arg>Before each Test suit</arg>
<doc>Logs the given message with the given level.</doc>
<msg timestamp="20230822 17:29:20.732" level="INFO">Before each Test suit</msg>
<status status="PASS" starttime="20230822 17:29:20.731" endtime="20230822 17:29:20.732"/>
</kw>
<status status="PASS" starttime="20230822 17:29:20.731" endtime="20230822 17:29:20.732"/>
</kw>
<suite id="s1-s1" name="Signup Test Cases" source="C:\VirtualDisk-D\Study\Automation Testing\Robot Framework\RobotAutomation\TestCases\Signup_Test_Cases">
<suite id="s1-s1-s1" name="TC001 Test one" source="C:\VirtualDisk-D\Study\Automation Testing\Robot Framework\RobotAutomation\TestCases\Signup_Test_Cases\TC001_Test one.robot">
<test id="s1-s1-s1-t1" name="Test Case one" line="11">
<kw name="Start Browser and Maximize" library="Resources1" type="SETUP">
<kw name="Open Browser" library="SeleniumLibrary">
<arg>${URL}</arg>
<arg>${Browser}</arg>
<doc>Opens a new browser instance to the optional ``url``.</doc>
<msg timestamp="20230822 17:29:21.206" level="INFO">Opening browser 'Chrome' to base url 'https://thetestingworld.com/testings/'.</msg>
<status status="PASS" starttime="20230822 17:29:21.204" endtime="20230822 17:29:28.250"/>
</kw>
<kw name="Maximize Browser Window" library="SeleniumLibrary">
<doc>Maximizes current browser window.</doc>
<status status="PASS" starttime="20230822 17:29:28.251" endtime="20230822 17:29:28.402"/>
</kw>
<status status="PASS" starttime="20230822 17:29:21.202" endtime="20230822 17:29:28.402"/>
</kw>
<kw name="Input Text" library="SeleniumLibrary">
<arg>name:fld_username</arg>
<arg>Jitu Kumar Singh</arg>
<doc>Types the given ``text`` into the text field identified by ``locator``.</doc>
<msg timestamp="20230822 17:29:28.405" level="INFO">Typing text 'Jitu Kumar Singh' into text field 'name:fld_username'.</msg>
<status status="PASS" starttime="20230822 17:29:28.405" endtime="20230822 17:29:28.894"/>
</kw>
<kw name="Input Text" library="SeleniumLibrary">
<arg>name:fld_email</arg>
<arg>testjitu@gmail.com</arg>
<doc>Types the given ``text`` into the text field identified by ``locator``.</doc>
<msg timestamp="20230822 17:29:28.896" level="INFO">Typing text 'testjitu@gmail.com' into text field 'name:fld_email'.</msg>
<status status="PASS" starttime="20230822 17:29:28.896" endtime="20230822 17:29:29.210"/>
</kw>
<kw name="close Browsers" library="Resources1" type="TEARDOWN">
<kw name="Close All Browsers" library="SeleniumLibrary">
<doc>Closes all open browsers and resets the browser cache.</doc>
<status status="PASS" starttime="20230822 17:29:29.210" endtime="20230822 17:29:35.403"/>
</kw>
<status status="PASS" starttime="20230822 17:29:29.210" endtime="20230822 17:29:35.404"/>
</kw>
<doc>This is my 1st test case</doc>
<tag>Smoke</tag>
<timeout value="2 minutes"/>
<status status="PASS" starttime="20230822 17:29:21.200" endtime="20230822 17:29:35.405"/>
</test>
<test id="s1-s1-s1-t2" name="Test Case Two" line="17">
<kw name="Start Browser and Maximize" library="Resources1" type="SETUP">
<kw name="Open Browser" library="SeleniumLibrary">
<arg>${URL}</arg>
<arg>${Browser}</arg>
<doc>Opens a new browser instance to the optional ``url``.</doc>
<msg timestamp="20230822 17:29:35.416" level="INFO">Opening browser 'Chrome' to base url 'https://thetestingworld.com/testings/'.</msg>
<status status="PASS" starttime="20230822 17:29:35.412" endtime="20230822 17:29:39.448"/>
</kw>
<kw name="Maximize Browser Window" library="SeleniumLibrary">
<doc>Maximizes current browser window.</doc>
<status status="PASS" starttime="20230822 17:29:39.448" endtime="20230822 17:29:39.603"/>
</kw>
<status status="PASS" starttime="20230822 17:29:35.411" endtime="20230822 17:29:39.604"/>
</kw>
<kw name="Input Text" library="SeleniumLibrary">
<arg>name:fld_username</arg>
<arg>Jitu Kumar Singh</arg>
<doc>Types the given ``text`` into the text field identified by ``locator``.</doc>
<msg timestamp="20230822 17:29:39.607" level="INFO">Typing text 'Jitu Kumar Singh' into text field 'name:fld_username'.</msg>
<status status="PASS" starttime="20230822 17:29:39.605" endtime="20230822 17:29:39.945"/>
</kw>
<kw name="Input Text" library="SeleniumLibrary">
<arg>name:fld_email</arg>
<arg>testjitu@gmail.com</arg>
<doc>Types the given ``text`` into the text field identified by ``locator``.</doc>
<msg timestamp="20230822 17:29:39.948" level="INFO">Typing text 'testjitu@gmail.com' into text field 'name:fld_email'.</msg>
<status status="PASS" starttime="20230822 17:29:39.946" endtime="20230822 17:29:40.179"/>
</kw>
<kw name="close Browsers" library="Resources1" type="TEARDOWN">
<kw name="Close All Browsers" library="SeleniumLibrary">
<doc>Closes all open browsers and resets the browser cache.</doc>
<status status="PASS" starttime="20230822 17:29:40.181" endtime="20230822 17:29:46.395"/>
</kw>
<status status="PASS" starttime="20230822 17:29:40.180" endtime="20230822 17:29:46.395"/>
</kw>
<doc>This is my 2nd test case</doc>
<tag>Sanity</tag>
<tag>Smoke</tag>
<timeout value="2 minutes"/>
<status status="PASS" starttime="20230822 17:29:35.410" endtime="20230822 17:29:46.396"/>
</test>
<doc>This is Demo1 test suit</doc>
<status status="PASS" starttime="20230822 17:29:20.737" endtime="20230822 17:29:46.400"/>
</suite>
<suite id="s1-s1-s2" name="TC002 Test two" source="C:\VirtualDisk-D\Study\Automation Testing\Robot Framework\RobotAutomation\TestCases\Signup_Test_Cases\TC002_Test two.robot">
<test id="s1-s1-s2-t1" name="Test Case one" line="10">
<kw name="Start Browser and Maximize" library="Resources1" type="SETUP">
<kw name="Open Browser" library="SeleniumLibrary">
<arg>${URL}</arg>
<arg>${Browser}</arg>
<doc>Opens a new browser instance to the optional ``url``.</doc>
<msg timestamp="20230822 17:29:46.426" level="INFO">Opening browser 'Chrome' to base url 'https://thetestingworld.com/testings/'.</msg>
<status status="PASS" starttime="20230822 17:29:46.423" endtime="20230822 17:29:51.159"/>
</kw>
<kw name="Maximize Browser Window" library="SeleniumLibrary">
<doc>Maximizes current browser window.</doc>
<status status="PASS" starttime="20230822 17:29:51.160" endtime="20230822 17:29:51.311"/>
</kw>
<status status="PASS" starttime="20230822 17:29:46.422" endtime="20230822 17:29:51.311"/>
</kw>
<kw name="Input Text" library="SeleniumLibrary">
<arg>name:fld_username</arg>
<arg>Jitu Kumar Singh</arg>
<doc>Types the given ``text`` into the text field identified by ``locator``.</doc>
<msg timestamp="20230822 17:29:51.316" level="INFO">Typing text 'Jitu Kumar Singh' into text field 'name:fld_username'.</msg>
<status status="PASS" starttime="20230822 17:29:51.313" endtime="20230822 17:29:51.794"/>
</kw>
<kw name="Input Text" library="SeleniumLibrary">
<arg>name:fld_email</arg>
<arg>testjitu@gmail.com</arg>
<doc>Types the given ``text`` into the text field identified by ``locator``.</doc>
<msg timestamp="20230822 17:29:51.796" level="INFO">Typing text 'testjitu@gmail.com' into text field 'name:fld_email'.</msg>
<status status="PASS" starttime="20230822 17:29:51.794" endtime="20230822 17:29:52.041"/>
</kw>
<kw name="close Browsers" library="Resources1" type="TEARDOWN">
<kw name="Close All Browsers" library="SeleniumLibrary">
<doc>Closes all open browsers and resets the browser cache.</doc>
<status status="PASS" starttime="20230822 17:29:52.045" endtime="20230822 17:29:58.315"/>
</kw>
<status status="PASS" starttime="20230822 17:29:52.044" endtime="20230822 17:29:58.315"/>
</kw>
<doc>This is my 1st test case</doc>
<tag>Smoke</tag>
<timeout value="2 minutes"/>
<status status="PASS" starttime="20230822 17:29:46.420" endtime="20230822 17:29:58.316"/>
</test>
<doc>This is Demo1 test suit</doc>
<status status="PASS" starttime="20230822 17:29:46.407" endtime="20230822 17:29:58.321"/>
</suite>
<status status="PASS" starttime="20230822 17:29:20.732" endtime="20230822 17:29:58.328"/>
</suite>
<kw name="After each test case" type="TEARDOWN">
<kw name="Log" library="BuiltIn">
<arg>after each test suit</arg>
<doc>Logs the given message with the given level.</doc>
<msg timestamp="20230822 17:29:58.333" level="INFO">after each test suit</msg>
<status status="PASS" starttime="20230822 17:29:58.333" endtime="20230822 17:29:58.333"/>
</kw>
<status status="PASS" starttime="20230822 17:29:58.333" endtime="20230822 17:29:58.333"/>
</kw>
<doc>Suite description</doc>
<status status="PASS" starttime="20230822 17:29:20.675" endtime="20230822 17:29:58.333"/>
</suite>
<statistics>
<total>
<stat pass="3" fail="0" skip="0">All Tests</stat>
</total>
<tag>
<stat pass="1" fail="0" skip="0">Sanity</stat>
<stat pass="3" fail="0" skip="0">Smoke</stat>
</tag>
<suite>
<stat pass="3" fail="0" skip="0" id="s1" name="TestCases">TestCases</stat>
<stat pass="3" fail="0" skip="0" id="s1-s1" name="Signup Test Cases">TestCases.Signup Test Cases</stat>
<stat pass="2" fail="0" skip="0" id="s1-s1-s1" name="TC001 Test one">TestCases.Signup Test Cases.TC001 Test one</stat>
<stat pass="1" fail="0" skip="0" id="s1-s1-s2" name="TC002 Test two">TestCases.Signup Test Cases.TC002 Test two</stat>
</suite>
</statistics>
<errors>
</errors>
</robot>
