<?xml version="1.0" encoding="UTF-8"?>
<robot generator="Robot 6.1.1 (Python 3.8.3 on win32)" generated="20230825 22:30:17.669" rpa="false" schemaversion="4">
<suite id="s1" name="TC 003 BDD" source="C:\VirtualDisk-D\Study\Automation Testing\Robot Framework\RobotAutomation\TestCases\Signup_Test_Cases\TC_003_BDD.robot">
<test id="s1-t1" name="Test Case in BDD format" line="8">
<kw name="Start Browser and Maximize">
<msg timestamp="20230825 22:30:17.868" level="FAIL">No keyword with name 'Start Browser and Maximize' found.</msg>
<status status="FAIL" starttime="20230825 22:30:17.868" endtime="20230825 22:30:17.868"/>
</kw>
<kw name="close Browsers">
<status status="NOT RUN" starttime="20230825 22:30:17.869" endtime="20230825 22:30:17.869"/>
</kw>
<status status="FAIL" starttime="20230825 22:30:17.865" endtime="20230825 22:30:17.872">No keyword with name 'Start Browser and Maximize' found.</status>
</test>
<status status="FAIL" starttime="20230825 22:30:17.670" endtime="20230825 22:30:17.873"/>
</suite>
<statistics>
<total>
<stat pass="0" fail="1" skip="0">All Tests</stat>
</total>
<tag>
</tag>
<suite>
<stat pass="0" fail="1" skip="0" id="s1" name="TC 003 BDD">TC 003 BDD</stat>
</suite>
</statistics>
<errors>
<msg timestamp="20230825 22:30:17.857" level="ERROR">Error in file 'C:\VirtualDisk-D\Study\Automation Testing\Robot Framework\RobotAutomation\TestCases\Signup_Test_Cases\TC_003_BDD.robot' on line 3: Importing library '../../Resources/Resources1.robot' failed: ModuleNotFoundError: No module named '.'
Traceback (most recent call last):
  None
PYTHONPATH:
  C:\Users\jituk\AppData\Local\Programs\Python\Python38\Scripts\robot.exe
  c:\users\jituk\appdata\local\programs\python\python38\python38.zip
  c:\users\jituk\appdata\local\programs\python\python38\DLLs
  c:\users\jituk\appdata\local\programs\python\python38\lib
  c:\users\jituk\appdata\local\programs\python\python38
  c:\users\jituk\appdata\local\programs\python\python38\lib\site-packages
  c:\users\jituk\appdata\local\programs\python\python38\lib\site-packages\win32
  c:\users\jituk\appdata\local\programs\python\python38\lib\site-packages\win32\lib
  c:\users\jituk\appdata\local\programs\python\python38\lib\site-packages\Pythonwin</msg>
</errors>
</robot>
